2025-06-27 20:22:03,955 - ERROR - Une erreur s'est produite
Context: chargement de la liste des configurations AEP
Exception: AttributeError: 'HU_projectDialog' object has no attribute 'liste_config_AEP'
----------------------------------------
Traceback (most recent call last):
  File "C:\Users/m.vincent/AppData/Roaming/QGIS/QGIS3\profiles\default/python/plugins\hu_tools\HU_tools_dialog.py", line 807, in charger_liste_configs_AEP
    self.liste_config_AEP.clear()
    ^^^^^^^^^^^^^^^^^^^^^
AttributeError: 'HU_projectDialog' object has no attribute 'liste_config_AEP'
2025-06-27 20:22:03,955 - ERROR - Une erreur s'est produite
Context: chargement de la liste des configurations AEP
Exception: AttributeError: 'HU_projectDialog' object has no attribute 'liste_config_AEP'
----------------------------------------
Traceback (most recent call last):
  File "C:\Users/m.vincent/AppData/Roaming/QGIS/QGIS3\profiles\default/python/plugins\hu_tools\HU_tools_dialog.py", line 807, in charger_liste_configs_AEP
    self.liste_config_AEP.clear()
    ^^^^^^^^^^^^^^^^^^^^^
AttributeError: 'HU_projectDialog' object has no attribute 'liste_config_AEP'
2025-06-27 20:22:03,955 - ERROR - Une erreur s'est produite
Context: chargement de la liste des configurations AEP
Exception: AttributeError: 'HU_projectDialog' object has no attribute 'liste_config_AEP'
----------------------------------------
Traceback (most recent call last):
  File "C:\Users/m.vincent/AppData/Roaming/QGIS/QGIS3\profiles\default/python/plugins\hu_tools\HU_tools_dialog.py", line 807, in charger_liste_configs_AEP
    self.liste_config_AEP.clear()
    ^^^^^^^^^^^^^^^^^^^^^
AttributeError: 'HU_projectDialog' object has no attribute 'liste_config_AEP'
2025-06-27 20:22:03,955 - ERROR - Une erreur s'est produite
Context: chargement de la liste des configurations AEP
Exception: AttributeError: 'HU_projectDialog' object has no attribute 'liste_config_AEP'
----------------------------------------
Traceback (most recent call last):
  File "C:\Users/m.vincent/AppData/Roaming/QGIS/QGIS3\profiles\default/python/plugins\hu_tools\HU_tools_dialog.py", line 807, in charger_liste_configs_AEP
    self.liste_config_AEP.clear()
    ^^^^^^^^^^^^^^^^^^^^^
AttributeError: 'HU_projectDialog' object has no attribute 'liste_config_AEP'
2025-06-27 20:22:03,955 - ERROR - Une erreur s'est produite
Context: chargement de la liste des configurations AEP
Exception: AttributeError: 'HU_projectDialog' object has no attribute 'liste_config_AEP'
----------------------------------------
Traceback (most recent call last):
  File "C:\Users/m.vincent/AppData/Roaming/QGIS/QGIS3\profiles\default/python/plugins\hu_tools\HU_tools_dialog.py", line 807, in charger_liste_configs_AEP
    self.liste_config_AEP.clear()
    ^^^^^^^^^^^^^^^^^^^^^
AttributeError: 'HU_projectDialog' object has no attribute 'liste_config_AEP'
2025-06-27 20:22:03,955 - ERROR - Une erreur s'est produite
Context: chargement de la liste des configurations AEP
Exception: AttributeError: 'HU_projectDialog' object has no attribute 'liste_config_AEP'
----------------------------------------
Traceback (most recent call last):
  File "C:\Users/m.vincent/AppData/Roaming/QGIS/QGIS3\profiles\default/python/plugins\hu_tools\HU_tools_dialog.py", line 807, in charger_liste_configs_AEP
    self.liste_config_AEP.clear()
    ^^^^^^^^^^^^^^^^^^^^^
AttributeError: 'HU_projectDialog' object has no attribute 'liste_config_AEP'
2025-06-27 20:22:03,955 - ERROR - Une erreur s'est produite
Context: chargement de la liste des configurations AEP
Exception: AttributeError: 'HU_projectDialog' object has no attribute 'liste_config_AEP'
----------------------------------------
Traceback (most recent call last):
  File "C:\Users/m.vincent/AppData/Roaming/QGIS/QGIS3\profiles\default/python/plugins\hu_tools\HU_tools_dialog.py", line 807, in charger_liste_configs_AEP
    self.liste_config_AEP.clear()
    ^^^^^^^^^^^^^^^^^^^^^
AttributeError: 'HU_projectDialog' object has no attribute 'liste_config_AEP'
2025-06-27 20:22:03,955 - ERROR - Une erreur s'est produite
Context: chargement de la liste des configurations AEP
Exception: AttributeError: 'HU_projectDialog' object has no attribute 'liste_config_AEP'
----------------------------------------
Traceback (most recent call last):
  File "C:\Users/m.vincent/AppData/Roaming/QGIS/QGIS3\profiles\default/python/plugins\hu_tools\HU_tools_dialog.py", line 807, in charger_liste_configs_AEP
    self.liste_config_AEP.clear()
    ^^^^^^^^^^^^^^^^^^^^^
AttributeError: 'HU_projectDialog' object has no attribute 'liste_config_AEP'
2025-06-27 20:22:03,955 - ERROR - Une erreur s'est produite
Context: chargement de la liste des configurations AEP
Exception: AttributeError: 'HU_projectDialog' object has no attribute 'liste_config_AEP'
----------------------------------------
Traceback (most recent call last):
  File "C:\Users/m.vincent/AppData/Roaming/QGIS/QGIS3\profiles\default/python/plugins\hu_tools\HU_tools_dialog.py", line 807, in charger_liste_configs_AEP
    self.liste_config_AEP.clear()
    ^^^^^^^^^^^^^^^^^^^^^
AttributeError: 'HU_projectDialog' object has no attribute 'liste_config_AEP'
2025-06-27 20:22:03,955 - ERROR - Une erreur s'est produite
Context: chargement de la liste des configurations AEP
Exception: AttributeError: 'HU_projectDialog' object has no attribute 'liste_config_AEP'
----------------------------------------
Traceback (most recent call last):
  File "C:\Users/m.vincent/AppData/Roaming/QGIS/QGIS3\profiles\default/python/plugins\hu_tools\HU_tools_dialog.py", line 807, in charger_liste_configs_AEP
    self.liste_config_AEP.clear()
    ^^^^^^^^^^^^^^^^^^^^^
AttributeError: 'HU_projectDialog' object has no attribute 'liste_config_AEP'
2025-06-27 20:22:03,955 - ERROR - Une erreur s'est produite
Context: chargement de la liste des configurations AEP
Exception: AttributeError: 'HU_projectDialog' object has no attribute 'liste_config_AEP'
----------------------------------------
Traceback (most recent call last):
  File "C:\Users/m.vincent/AppData/Roaming/QGIS/QGIS3\profiles\default/python/plugins\hu_tools\HU_tools_dialog.py", line 807, in charger_liste_configs_AEP
    self.liste_config_AEP.clear()
    ^^^^^^^^^^^^^^^^^^^^^
AttributeError: 'HU_projectDialog' object has no attribute 'liste_config_AEP'
2025-06-27 20:22:03,955 - ERROR - Une erreur s'est produite
Context: chargement de la liste des configurations AEP
Exception: AttributeError: 'HU_projectDialog' object has no attribute 'liste_config_AEP'
----------------------------------------
Traceback (most recent call last):
  File "C:\Users/m.vincent/AppData/Roaming/QGIS/QGIS3\profiles\default/python/plugins\hu_tools\HU_tools_dialog.py", line 807, in charger_liste_configs_AEP
    self.liste_config_AEP.clear()
    ^^^^^^^^^^^^^^^^^^^^^
AttributeError: 'HU_projectDialog' object has no attribute 'liste_config_AEP'
2025-06-27 20:22:21,938 - ERROR - Une erreur s'est produite
Context: chargement de la liste des configurations AEP
Exception: AttributeError: 'HU_projectDialog' object has no attribute 'liste_config_AEP'
----------------------------------------
Traceback (most recent call last):
  File "C:\Users/m.vincent/AppData/Roaming/QGIS/QGIS3\profiles\default/python/plugins\hu_tools\HU_tools_dialog.py", line 807, in charger_liste_configs_AEP
    self.liste_config_AEP.clear()
    ^^^^^^^^^^^^^^^^^^^^^
AttributeError: 'HU_projectDialog' object has no attribute 'liste_config_AEP'
2025-06-27 20:22:21,938 - ERROR - Une erreur s'est produite
Context: chargement de la liste des configurations AEP
Exception: AttributeError: 'HU_projectDialog' object has no attribute 'liste_config_AEP'
----------------------------------------
Traceback (most recent call last):
  File "C:\Users/m.vincent/AppData/Roaming/QGIS/QGIS3\profiles\default/python/plugins\hu_tools\HU_tools_dialog.py", line 807, in charger_liste_configs_AEP
    self.liste_config_AEP.clear()
    ^^^^^^^^^^^^^^^^^^^^^
AttributeError: 'HU_projectDialog' object has no attribute 'liste_config_AEP'
2025-06-27 20:22:21,938 - ERROR - Une erreur s'est produite
Context: chargement de la liste des configurations AEP
Exception: AttributeError: 'HU_projectDialog' object has no attribute 'liste_config_AEP'
----------------------------------------
Traceback (most recent call last):
  File "C:\Users/m.vincent/AppData/Roaming/QGIS/QGIS3\profiles\default/python/plugins\hu_tools\HU_tools_dialog.py", line 807, in charger_liste_configs_AEP
    self.liste_config_AEP.clear()
    ^^^^^^^^^^^^^^^^^^^^^
AttributeError: 'HU_projectDialog' object has no attribute 'liste_config_AEP'
2025-06-27 20:22:21,938 - ERROR - Une erreur s'est produite
Context: chargement de la liste des configurations AEP
Exception: AttributeError: 'HU_projectDialog' object has no attribute 'liste_config_AEP'
----------------------------------------
Traceback (most recent call last):
  File "C:\Users/m.vincent/AppData/Roaming/QGIS/QGIS3\profiles\default/python/plugins\hu_tools\HU_tools_dialog.py", line 807, in charger_liste_configs_AEP
    self.liste_config_AEP.clear()
    ^^^^^^^^^^^^^^^^^^^^^
AttributeError: 'HU_projectDialog' object has no attribute 'liste_config_AEP'
2025-06-27 20:22:21,938 - ERROR - Une erreur s'est produite
Context: chargement de la liste des configurations AEP
Exception: AttributeError: 'HU_projectDialog' object has no attribute 'liste_config_AEP'
----------------------------------------
Traceback (most recent call last):
  File "C:\Users/m.vincent/AppData/Roaming/QGIS/QGIS3\profiles\default/python/plugins\hu_tools\HU_tools_dialog.py", line 807, in charger_liste_configs_AEP
    self.liste_config_AEP.clear()
    ^^^^^^^^^^^^^^^^^^^^^
AttributeError: 'HU_projectDialog' object has no attribute 'liste_config_AEP'
2025-06-27 20:22:21,938 - ERROR - Une erreur s'est produite
Context: chargement de la liste des configurations AEP
Exception: AttributeError: 'HU_projectDialog' object has no attribute 'liste_config_AEP'
----------------------------------------
Traceback (most recent call last):
  File "C:\Users/m.vincent/AppData/Roaming/QGIS/QGIS3\profiles\default/python/plugins\hu_tools\HU_tools_dialog.py", line 807, in charger_liste_configs_AEP
    self.liste_config_AEP.clear()
    ^^^^^^^^^^^^^^^^^^^^^
AttributeError: 'HU_projectDialog' object has no attribute 'liste_config_AEP'
2025-06-27 20:22:21,938 - ERROR - Une erreur s'est produite
Context: chargement de la liste des configurations AEP
Exception: AttributeError: 'HU_projectDialog' object has no attribute 'liste_config_AEP'
----------------------------------------
Traceback (most recent call last):
  File "C:\Users/m.vincent/AppData/Roaming/QGIS/QGIS3\profiles\default/python/plugins\hu_tools\HU_tools_dialog.py", line 807, in charger_liste_configs_AEP
    self.liste_config_AEP.clear()
    ^^^^^^^^^^^^^^^^^^^^^
AttributeError: 'HU_projectDialog' object has no attribute 'liste_config_AEP'
2025-06-27 20:22:21,938 - ERROR - Une erreur s'est produite
Context: chargement de la liste des configurations AEP
Exception: AttributeError: 'HU_projectDialog' object has no attribute 'liste_config_AEP'
----------------------------------------
Traceback (most recent call last):
  File "C:\Users/m.vincent/AppData/Roaming/QGIS/QGIS3\profiles\default/python/plugins\hu_tools\HU_tools_dialog.py", line 807, in charger_liste_configs_AEP
    self.liste_config_AEP.clear()
    ^^^^^^^^^^^^^^^^^^^^^
AttributeError: 'HU_projectDialog' object has no attribute 'liste_config_AEP'
2025-06-27 20:22:21,938 - ERROR - Une erreur s'est produite
Context: chargement de la liste des configurations AEP
Exception: AttributeError: 'HU_projectDialog' object has no attribute 'liste_config_AEP'
----------------------------------------
Traceback (most recent call last):
  File "C:\Users/m.vincent/AppData/Roaming/QGIS/QGIS3\profiles\default/python/plugins\hu_tools\HU_tools_dialog.py", line 807, in charger_liste_configs_AEP
    self.liste_config_AEP.clear()
    ^^^^^^^^^^^^^^^^^^^^^
AttributeError: 'HU_projectDialog' object has no attribute 'liste_config_AEP'
2025-06-27 20:22:21,938 - ERROR - Une erreur s'est produite
Context: chargement de la liste des configurations AEP
Exception: AttributeError: 'HU_projectDialog' object has no attribute 'liste_config_AEP'
----------------------------------------
Traceback (most recent call last):
  File "C:\Users/m.vincent/AppData/Roaming/QGIS/QGIS3\profiles\default/python/plugins\hu_tools\HU_tools_dialog.py", line 807, in charger_liste_configs_AEP
    self.liste_config_AEP.clear()
    ^^^^^^^^^^^^^^^^^^^^^
AttributeError: 'HU_projectDialog' object has no attribute 'liste_config_AEP'
2025-06-27 20:22:21,938 - ERROR - Une erreur s'est produite
Context: chargement de la liste des configurations AEP
Exception: AttributeError: 'HU_projectDialog' object has no attribute 'liste_config_AEP'
----------------------------------------
Traceback (most recent call last):
  File "C:\Users/m.vincent/AppData/Roaming/QGIS/QGIS3\profiles\default/python/plugins\hu_tools\HU_tools_dialog.py", line 807, in charger_liste_configs_AEP
    self.liste_config_AEP.clear()
    ^^^^^^^^^^^^^^^^^^^^^
AttributeError: 'HU_projectDialog' object has no attribute 'liste_config_AEP'
2025-06-27 20:22:21,938 - ERROR - Une erreur s'est produite
Context: chargement de la liste des configurations AEP
Exception: AttributeError: 'HU_projectDialog' object has no attribute 'liste_config_AEP'
----------------------------------------
Traceback (most recent call last):
  File "C:\Users/m.vincent/AppData/Roaming/QGIS/QGIS3\profiles\default/python/plugins\hu_tools\HU_tools_dialog.py", line 807, in charger_liste_configs_AEP
    self.liste_config_AEP.clear()
    ^^^^^^^^^^^^^^^^^^^^^
AttributeError: 'HU_projectDialog' object has no attribute 'liste_config_AEP'
2025-06-27 20:22:21,938 - ERROR - Une erreur s'est produite
Context: chargement de la liste des configurations AEP
Exception: AttributeError: 'HU_projectDialog' object has no attribute 'liste_config_AEP'
----------------------------------------
Traceback (most recent call last):
  File "C:\Users/m.vincent/AppData/Roaming/QGIS/QGIS3\profiles\default/python/plugins\hu_tools\HU_tools_dialog.py", line 807, in charger_liste_configs_AEP
    self.liste_config_AEP.clear()
    ^^^^^^^^^^^^^^^^^^^^^
AttributeError: 'HU_projectDialog' object has no attribute 'liste_config_AEP'
2025-06-27 20:23:38,054 - ERROR - Une erreur s'est produite
Context: chargement de la liste des configurations AEP
Exception: AttributeError: 'HU_projectDialog' object has no attribute 'liste_config_AEP'
----------------------------------------
Traceback (most recent call last):
  File "C:\Users/m.vincent/AppData/Roaming/QGIS/QGIS3\profiles\default/python/plugins\hu_tools\HU_tools_dialog.py", line 807, in charger_liste_config_AEP
    self.liste_config_AEP.clear()
    ^^^^^^^^^^^^^^^^^^^^^
AttributeError: 'HU_projectDialog' object has no attribute 'liste_config_AEP'
2025-06-27 20:23:38,054 - ERROR - Une erreur s'est produite
Context: chargement de la liste des configurations AEP
Exception: AttributeError: 'HU_projectDialog' object has no attribute 'liste_config_AEP'
----------------------------------------
Traceback (most recent call last):
  File "C:\Users/m.vincent/AppData/Roaming/QGIS/QGIS3\profiles\default/python/plugins\hu_tools\HU_tools_dialog.py", line 807, in charger_liste_config_AEP
    self.liste_config_AEP.clear()
    ^^^^^^^^^^^^^^^^^^^^^
AttributeError: 'HU_projectDialog' object has no attribute 'liste_config_AEP'
2025-06-27 20:23:38,054 - ERROR - Une erreur s'est produite
Context: chargement de la liste des configurations AEP
Exception: AttributeError: 'HU_projectDialog' object has no attribute 'liste_config_AEP'
----------------------------------------
Traceback (most recent call last):
  File "C:\Users/m.vincent/AppData/Roaming/QGIS/QGIS3\profiles\default/python/plugins\hu_tools\HU_tools_dialog.py", line 807, in charger_liste_config_AEP
    self.liste_config_AEP.clear()
    ^^^^^^^^^^^^^^^^^^^^^
AttributeError: 'HU_projectDialog' object has no attribute 'liste_config_AEP'
2025-06-27 20:23:38,054 - ERROR - Une erreur s'est produite
Context: chargement de la liste des configurations AEP
Exception: AttributeError: 'HU_projectDialog' object has no attribute 'liste_config_AEP'
----------------------------------------
Traceback (most recent call last):
  File "C:\Users/m.vincent/AppData/Roaming/QGIS/QGIS3\profiles\default/python/plugins\hu_tools\HU_tools_dialog.py", line 807, in charger_liste_config_AEP
    self.liste_config_AEP.clear()
    ^^^^^^^^^^^^^^^^^^^^^
AttributeError: 'HU_projectDialog' object has no attribute 'liste_config_AEP'
2025-06-27 20:23:38,054 - ERROR - Une erreur s'est produite
Context: chargement de la liste des configurations AEP
Exception: AttributeError: 'HU_projectDialog' object has no attribute 'liste_config_AEP'
----------------------------------------
Traceback (most recent call last):
  File "C:\Users/m.vincent/AppData/Roaming/QGIS/QGIS3\profiles\default/python/plugins\hu_tools\HU_tools_dialog.py", line 807, in charger_liste_config_AEP
    self.liste_config_AEP.clear()
    ^^^^^^^^^^^^^^^^^^^^^
AttributeError: 'HU_projectDialog' object has no attribute 'liste_config_AEP'
2025-06-27 20:23:38,054 - ERROR - Une erreur s'est produite
Context: chargement de la liste des configurations AEP
Exception: AttributeError: 'HU_projectDialog' object has no attribute 'liste_config_AEP'
----------------------------------------
Traceback (most recent call last):
  File "C:\Users/m.vincent/AppData/Roaming/QGIS/QGIS3\profiles\default/python/plugins\hu_tools\HU_tools_dialog.py", line 807, in charger_liste_config_AEP
    self.liste_config_AEP.clear()
    ^^^^^^^^^^^^^^^^^^^^^
AttributeError: 'HU_projectDialog' object has no attribute 'liste_config_AEP'
2025-06-27 20:23:38,054 - ERROR - Une erreur s'est produite
Context: chargement de la liste des configurations AEP
Exception: AttributeError: 'HU_projectDialog' object has no attribute 'liste_config_AEP'
----------------------------------------
Traceback (most recent call last):
  File "C:\Users/m.vincent/AppData/Roaming/QGIS/QGIS3\profiles\default/python/plugins\hu_tools\HU_tools_dialog.py", line 807, in charger_liste_config_AEP
    self.liste_config_AEP.clear()
    ^^^^^^^^^^^^^^^^^^^^^
AttributeError: 'HU_projectDialog' object has no attribute 'liste_config_AEP'
2025-06-27 20:23:38,054 - ERROR - Une erreur s'est produite
Context: chargement de la liste des configurations AEP
Exception: AttributeError: 'HU_projectDialog' object has no attribute 'liste_config_AEP'
----------------------------------------
Traceback (most recent call last):
  File "C:\Users/m.vincent/AppData/Roaming/QGIS/QGIS3\profiles\default/python/plugins\hu_tools\HU_tools_dialog.py", line 807, in charger_liste_config_AEP
    self.liste_config_AEP.clear()
    ^^^^^^^^^^^^^^^^^^^^^
AttributeError: 'HU_projectDialog' object has no attribute 'liste_config_AEP'
2025-06-27 20:23:38,054 - ERROR - Une erreur s'est produite
Context: chargement de la liste des configurations AEP
Exception: AttributeError: 'HU_projectDialog' object has no attribute 'liste_config_AEP'
----------------------------------------
Traceback (most recent call last):
  File "C:\Users/m.vincent/AppData/Roaming/QGIS/QGIS3\profiles\default/python/plugins\hu_tools\HU_tools_dialog.py", line 807, in charger_liste_config_AEP
    self.liste_config_AEP.clear()
    ^^^^^^^^^^^^^^^^^^^^^
AttributeError: 'HU_projectDialog' object has no attribute 'liste_config_AEP'
2025-06-27 20:23:38,054 - ERROR - Une erreur s'est produite
Context: chargement de la liste des configurations AEP
Exception: AttributeError: 'HU_projectDialog' object has no attribute 'liste_config_AEP'
----------------------------------------
Traceback (most recent call last):
  File "C:\Users/m.vincent/AppData/Roaming/QGIS/QGIS3\profiles\default/python/plugins\hu_tools\HU_tools_dialog.py", line 807, in charger_liste_config_AEP
    self.liste_config_AEP.clear()
    ^^^^^^^^^^^^^^^^^^^^^
AttributeError: 'HU_projectDialog' object has no attribute 'liste_config_AEP'
2025-06-27 20:23:38,054 - ERROR - Une erreur s'est produite
Context: chargement de la liste des configurations AEP
Exception: AttributeError: 'HU_projectDialog' object has no attribute 'liste_config_AEP'
----------------------------------------
Traceback (most recent call last):
  File "C:\Users/m.vincent/AppData/Roaming/QGIS/QGIS3\profiles\default/python/plugins\hu_tools\HU_tools_dialog.py", line 807, in charger_liste_config_AEP
    self.liste_config_AEP.clear()
    ^^^^^^^^^^^^^^^^^^^^^
AttributeError: 'HU_projectDialog' object has no attribute 'liste_config_AEP'
2025-06-27 20:23:38,054 - ERROR - Une erreur s'est produite
Context: chargement de la liste des configurations AEP
Exception: AttributeError: 'HU_projectDialog' object has no attribute 'liste_config_AEP'
----------------------------------------
Traceback (most recent call last):
  File "C:\Users/m.vincent/AppData/Roaming/QGIS/QGIS3\profiles\default/python/plugins\hu_tools\HU_tools_dialog.py", line 807, in charger_liste_config_AEP
    self.liste_config_AEP.clear()
    ^^^^^^^^^^^^^^^^^^^^^
AttributeError: 'HU_projectDialog' object has no attribute 'liste_config_AEP'
2025-06-27 20:23:38,054 - ERROR - Une erreur s'est produite
Context: chargement de la liste des configurations AEP
Exception: AttributeError: 'HU_projectDialog' object has no attribute 'liste_config_AEP'
----------------------------------------
Traceback (most recent call last):
  File "C:\Users/m.vincent/AppData/Roaming/QGIS/QGIS3\profiles\default/python/plugins\hu_tools\HU_tools_dialog.py", line 807, in charger_liste_config_AEP
    self.liste_config_AEP.clear()
    ^^^^^^^^^^^^^^^^^^^^^
AttributeError: 'HU_projectDialog' object has no attribute 'liste_config_AEP'
2025-06-27 20:23:38,054 - ERROR - Une erreur s'est produite
Context: chargement de la liste des configurations AEP
Exception: AttributeError: 'HU_projectDialog' object has no attribute 'liste_config_AEP'
----------------------------------------
Traceback (most recent call last):
  File "C:\Users/m.vincent/AppData/Roaming/QGIS/QGIS3\profiles\default/python/plugins\hu_tools\HU_tools_dialog.py", line 807, in charger_liste_config_AEP
    self.liste_config_AEP.clear()
    ^^^^^^^^^^^^^^^^^^^^^
AttributeError: 'HU_projectDialog' object has no attribute 'liste_config_AEP'
2025-06-27 20:24:11,196 - ERROR - Une erreur s'est produite
Context: chargement de la liste des configurations AEP
Exception: AttributeError: 'HU_projectDialog' object has no attribute 'liste_config_AEP'
----------------------------------------
Traceback (most recent call last):
  File "C:\Users/m.vincent/AppData/Roaming/QGIS/QGIS3\profiles\default/python/plugins\hu_tools\HU_tools_dialog.py", line 807, in charger_liste_config_AEP
    self.liste_config_AEP.clear()
    ^^^^^^^^^^^^^^^^^^^^^
AttributeError: 'HU_projectDialog' object has no attribute 'liste_config_AEP'
2025-06-27 20:24:11,196 - ERROR - Une erreur s'est produite
Context: chargement de la liste des configurations AEP
Exception: AttributeError: 'HU_projectDialog' object has no attribute 'liste_config_AEP'
----------------------------------------
Traceback (most recent call last):
  File "C:\Users/m.vincent/AppData/Roaming/QGIS/QGIS3\profiles\default/python/plugins\hu_tools\HU_tools_dialog.py", line 807, in charger_liste_config_AEP
    self.liste_config_AEP.clear()
    ^^^^^^^^^^^^^^^^^^^^^
AttributeError: 'HU_projectDialog' object has no attribute 'liste_config_AEP'
2025-06-27 20:24:11,196 - ERROR - Une erreur s'est produite
Context: chargement de la liste des configurations AEP
Exception: AttributeError: 'HU_projectDialog' object has no attribute 'liste_config_AEP'
----------------------------------------
Traceback (most recent call last):
  File "C:\Users/m.vincent/AppData/Roaming/QGIS/QGIS3\profiles\default/python/plugins\hu_tools\HU_tools_dialog.py", line 807, in charger_liste_config_AEP
    self.liste_config_AEP.clear()
    ^^^^^^^^^^^^^^^^^^^^^
AttributeError: 'HU_projectDialog' object has no attribute 'liste_config_AEP'
2025-06-27 20:24:11,196 - ERROR - Une erreur s'est produite
Context: chargement de la liste des configurations AEP
Exception: AttributeError: 'HU_projectDialog' object has no attribute 'liste_config_AEP'
----------------------------------------
Traceback (most recent call last):
  File "C:\Users/m.vincent/AppData/Roaming/QGIS/QGIS3\profiles\default/python/plugins\hu_tools\HU_tools_dialog.py", line 807, in charger_liste_config_AEP
    self.liste_config_AEP.clear()
    ^^^^^^^^^^^^^^^^^^^^^
AttributeError: 'HU_projectDialog' object has no attribute 'liste_config_AEP'
2025-06-27 20:24:11,196 - ERROR - Une erreur s'est produite
Context: chargement de la liste des configurations AEP
Exception: AttributeError: 'HU_projectDialog' object has no attribute 'liste_config_AEP'
----------------------------------------
Traceback (most recent call last):
  File "C:\Users/m.vincent/AppData/Roaming/QGIS/QGIS3\profiles\default/python/plugins\hu_tools\HU_tools_dialog.py", line 807, in charger_liste_config_AEP
    self.liste_config_AEP.clear()
    ^^^^^^^^^^^^^^^^^^^^^
AttributeError: 'HU_projectDialog' object has no attribute 'liste_config_AEP'
2025-06-27 20:24:11,196 - ERROR - Une erreur s'est produite
Context: chargement de la liste des configurations AEP
Exception: AttributeError: 'HU_projectDialog' object has no attribute 'liste_config_AEP'
----------------------------------------
Traceback (most recent call last):
  File "C:\Users/m.vincent/AppData/Roaming/QGIS/QGIS3\profiles\default/python/plugins\hu_tools\HU_tools_dialog.py", line 807, in charger_liste_config_AEP
    self.liste_config_AEP.clear()
    ^^^^^^^^^^^^^^^^^^^^^
AttributeError: 'HU_projectDialog' object has no attribute 'liste_config_AEP'
2025-06-27 20:24:11,196 - ERROR - Une erreur s'est produite
Context: chargement de la liste des configurations AEP
Exception: AttributeError: 'HU_projectDialog' object has no attribute 'liste_config_AEP'
----------------------------------------
Traceback (most recent call last):
  File "C:\Users/m.vincent/AppData/Roaming/QGIS/QGIS3\profiles\default/python/plugins\hu_tools\HU_tools_dialog.py", line 807, in charger_liste_config_AEP
    self.liste_config_AEP.clear()
    ^^^^^^^^^^^^^^^^^^^^^
AttributeError: 'HU_projectDialog' object has no attribute 'liste_config_AEP'
2025-06-27 20:24:11,196 - ERROR - Une erreur s'est produite
Context: chargement de la liste des configurations AEP
Exception: AttributeError: 'HU_projectDialog' object has no attribute 'liste_config_AEP'
----------------------------------------
Traceback (most recent call last):
  File "C:\Users/m.vincent/AppData/Roaming/QGIS/QGIS3\profiles\default/python/plugins\hu_tools\HU_tools_dialog.py", line 807, in charger_liste_config_AEP
    self.liste_config_AEP.clear()
    ^^^^^^^^^^^^^^^^^^^^^
AttributeError: 'HU_projectDialog' object has no attribute 'liste_config_AEP'
2025-06-27 20:24:11,196 - ERROR - Une erreur s'est produite
Context: chargement de la liste des configurations AEP
Exception: AttributeError: 'HU_projectDialog' object has no attribute 'liste_config_AEP'
----------------------------------------
Traceback (most recent call last):
  File "C:\Users/m.vincent/AppData/Roaming/QGIS/QGIS3\profiles\default/python/plugins\hu_tools\HU_tools_dialog.py", line 807, in charger_liste_config_AEP
    self.liste_config_AEP.clear()
    ^^^^^^^^^^^^^^^^^^^^^
AttributeError: 'HU_projectDialog' object has no attribute 'liste_config_AEP'
2025-06-27 20:24:11,196 - ERROR - Une erreur s'est produite
Context: chargement de la liste des configurations AEP
Exception: AttributeError: 'HU_projectDialog' object has no attribute 'liste_config_AEP'
----------------------------------------
Traceback (most recent call last):
  File "C:\Users/m.vincent/AppData/Roaming/QGIS/QGIS3\profiles\default/python/plugins\hu_tools\HU_tools_dialog.py", line 807, in charger_liste_config_AEP
    self.liste_config_AEP.clear()
    ^^^^^^^^^^^^^^^^^^^^^
AttributeError: 'HU_projectDialog' object has no attribute 'liste_config_AEP'
2025-06-27 20:24:11,196 - ERROR - Une erreur s'est produite
Context: chargement de la liste des configurations AEP
Exception: AttributeError: 'HU_projectDialog' object has no attribute 'liste_config_AEP'
----------------------------------------
Traceback (most recent call last):
  File "C:\Users/m.vincent/AppData/Roaming/QGIS/QGIS3\profiles\default/python/plugins\hu_tools\HU_tools_dialog.py", line 807, in charger_liste_config_AEP
    self.liste_config_AEP.clear()
    ^^^^^^^^^^^^^^^^^^^^^
AttributeError: 'HU_projectDialog' object has no attribute 'liste_config_AEP'
2025-06-27 20:24:11,196 - ERROR - Une erreur s'est produite
Context: chargement de la liste des configurations AEP
Exception: AttributeError: 'HU_projectDialog' object has no attribute 'liste_config_AEP'
----------------------------------------
Traceback (most recent call last):
  File "C:\Users/m.vincent/AppData/Roaming/QGIS/QGIS3\profiles\default/python/plugins\hu_tools\HU_tools_dialog.py", line 807, in charger_liste_config_AEP
    self.liste_config_AEP.clear()
    ^^^^^^^^^^^^^^^^^^^^^
AttributeError: 'HU_projectDialog' object has no attribute 'liste_config_AEP'
2025-06-27 20:24:11,196 - ERROR - Une erreur s'est produite
Context: chargement de la liste des configurations AEP
Exception: AttributeError: 'HU_projectDialog' object has no attribute 'liste_config_AEP'
----------------------------------------
Traceback (most recent call last):
  File "C:\Users/m.vincent/AppData/Roaming/QGIS/QGIS3\profiles\default/python/plugins\hu_tools\HU_tools_dialog.py", line 807, in charger_liste_config_AEP
    self.liste_config_AEP.clear()
    ^^^^^^^^^^^^^^^^^^^^^
AttributeError: 'HU_projectDialog' object has no attribute 'liste_config_AEP'
2025-06-27 20:24:11,196 - ERROR - Une erreur s'est produite
Context: chargement de la liste des configurations AEP
Exception: AttributeError: 'HU_projectDialog' object has no attribute 'liste_config_AEP'
----------------------------------------
Traceback (most recent call last):
  File "C:\Users/m.vincent/AppData/Roaming/QGIS/QGIS3\profiles\default/python/plugins\hu_tools\HU_tools_dialog.py", line 807, in charger_liste_config_AEP
    self.liste_config_AEP.clear()
    ^^^^^^^^^^^^^^^^^^^^^
AttributeError: 'HU_projectDialog' object has no attribute 'liste_config_AEP'
2025-06-27 20:24:11,196 - ERROR - Une erreur s'est produite
Context: chargement de la liste des configurations AEP
Exception: AttributeError: 'HU_projectDialog' object has no attribute 'liste_config_AEP'
----------------------------------------
Traceback (most recent call last):
  File "C:\Users/m.vincent/AppData/Roaming/QGIS/QGIS3\profiles\default/python/plugins\hu_tools\HU_tools_dialog.py", line 807, in charger_liste_config_AEP
    self.liste_config_AEP.clear()
    ^^^^^^^^^^^^^^^^^^^^^
AttributeError: 'HU_projectDialog' object has no attribute 'liste_config_AEP'
